This is pdfTeX, Version 3.141592653-2.6-1.40.25 (TeX Live 2023) (preloaded format=pdflatex 2023.5.3)  18 MAY 2023 02:19
entering extended mode
 restricted \write18 enabled.
 file:line:error style messages enabled.
 %&-line parsing enabled.
**/Users/henrys/Downloads/Conference-LaTeX-template_10-17-19/conference_101719.tex
(/Users/henrys/Downloads/Conference-LaTeX-template_10-17-19/conference_101719.tex
LaTeX2e <2022-11-01> patch level 1
L3 programming layer <2023-02-22> (./IEEEtran.cls
Document Class: IEEEtran 2015/08/26 V1.8b by Michael Shell
-- See the "IEEEtran_HOWTO" manual for usage information.
-- http://www.michaelshell.org/tex/ieeetran/
\@IEEEtrantmpdimenA=\dimen140
\@IEEEtrantmpdimenB=\dimen141
\@IEEEtrantmpdimenC=\dimen142
\@IEEEtrantmpcountA=\count185
\@IEEEtrantmpcountB=\count186
\@IEEEtrantmpcountC=\count187
\@IEEEtrantmptoksA=\toks16
LaTeX Font Info:    Trying to load font information for OT1+ptm on input line 503.
(/usr/local/texlive/2023/texmf-dist/tex/latex/psnfss/ot1ptm.fd
File: ot1ptm.fd 2001/06/04 font definitions for OT1/ptm.
)
-- Using 8.5in x 11in (letter) paper.
-- Using PDF output.
\@IEEEnormalsizeunitybaselineskip=\dimen143
-- This is a 10 point document.
\CLASSINFOnormalsizebaselineskip=\dimen144
\CLASSINFOnormalsizeunitybaselineskip=\dimen145
\IEEEnormaljot=\dimen146
LaTeX Font Info:    Font shape `OT1/ptm/bx/n' in size <5> not available
(Font)              Font shape `OT1/ptm/b/n' tried instead on input line 1090.
LaTeX Font Info:    Font shape `OT1/ptm/bx/it' in size <5> not available
(Font)              Font shape `OT1/ptm/b/it' tried instead on input line 1090.
LaTeX Font Info:    Font shape `OT1/ptm/bx/n' in size <7> not available
(Font)              Font shape `OT1/ptm/b/n' tried instead on input line 1090.
LaTeX Font Info:    Font shape `OT1/ptm/bx/it' in size <7> not available
(Font)              Font shape `OT1/ptm/b/it' tried instead on input line 1090.
LaTeX Font Info:    Font shape `OT1/ptm/bx/n' in size <8> not available
(Font)              Font shape `OT1/ptm/b/n' tried instead on input line 1090.
LaTeX Font Info:    Font shape `OT1/ptm/bx/it' in size <8> not available
(Font)              Font shape `OT1/ptm/b/it' tried instead on input line 1090.
LaTeX Font Info:    Font shape `OT1/ptm/bx/n' in size <9> not available
(Font)              Font shape `OT1/ptm/b/n' tried instead on input line 1090.
LaTeX Font Info:    Font shape `OT1/ptm/bx/it' in size <9> not available
(Font)              Font shape `OT1/ptm/b/it' tried instead on input line 1090.
LaTeX Font Info:    Font shape `OT1/ptm/bx/n' in size <10> not available
(Font)              Font shape `OT1/ptm/b/n' tried instead on input line 1090.
LaTeX Font Info:    Font shape `OT1/ptm/bx/it' in size <10> not available
(Font)              Font shape `OT1/ptm/b/it' tried instead on input line 1090.
LaTeX Font Info:    Font shape `OT1/ptm/bx/n' in size <11> not available
(Font)              Font shape `OT1/ptm/b/n' tried instead on input line 1090.
LaTeX Font Info:    Font shape `OT1/ptm/bx/it' in size <11> not available
(Font)              Font shape `OT1/ptm/b/it' tried instead on input line 1090.
LaTeX Font Info:    Font shape `OT1/ptm/bx/n' in size <12> not available
(Font)              Font shape `OT1/ptm/b/n' tried instead on input line 1090.
LaTeX Font Info:    Font shape `OT1/ptm/bx/it' in size <12> not available
(Font)              Font shape `OT1/ptm/b/it' tried instead on input line 1090.
LaTeX Font Info:    Font shape `OT1/ptm/bx/n' in size <17> not available
(Font)              Font shape `OT1/ptm/b/n' tried instead on input line 1090.
LaTeX Font Info:    Font shape `OT1/ptm/bx/it' in size <17> not available
(Font)              Font shape `OT1/ptm/b/it' tried instead on input line 1090.
LaTeX Font Info:    Font shape `OT1/ptm/bx/n' in size <20> not available
(Font)              Font shape `OT1/ptm/b/n' tried instead on input line 1090.
LaTeX Font Info:    Font shape `OT1/ptm/bx/it' in size <20> not available
(Font)              Font shape `OT1/ptm/b/it' tried instead on input line 1090.
LaTeX Font Info:    Font shape `OT1/ptm/bx/n' in size <24> not available
(Font)              Font shape `OT1/ptm/b/n' tried instead on input line 1090.
LaTeX Font Info:    Font shape `OT1/ptm/bx/it' in size <24> not available
(Font)              Font shape `OT1/ptm/b/it' tried instead on input line 1090.
\IEEEquantizedlength=\dimen147
\IEEEquantizedlengthdiff=\dimen148
\IEEEquantizedtextheightdiff=\dimen149
\IEEEilabelindentA=\dimen150
\IEEEilabelindentB=\dimen151
\IEEEilabelindent=\dimen152
\IEEEelabelindent=\dimen153
\IEEEdlabelindent=\dimen154
\IEEElabelindent=\dimen155
\IEEEiednormlabelsep=\dimen156
\IEEEiedmathlabelsep=\dimen157
\IEEEiedtopsep=\skip48
\c@section=\count188
\c@subsection=\count189
\c@subsubsection=\count190
\c@paragraph=\count191
\c@IEEEsubequation=\count192
\abovecaptionskip=\skip49
\belowcaptionskip=\skip50
\c@figure=\count193
\c@table=\count194
\@IEEEeqnnumcols=\count195
\@IEEEeqncolcnt=\count196
\@IEEEsubeqnnumrollback=\count197
\@IEEEquantizeheightA=\dimen158
\@IEEEquantizeheightB=\dimen159
\@IEEEquantizeheightC=\dimen160
\@IEEEquantizeprevdepth=\dimen161
\@IEEEquantizemultiple=\count198
\@IEEEquantizeboxA=\box51
\@IEEEtmpitemindent=\dimen162
\IEEEPARstartletwidth=\dimen163
\c@IEEEbiography=\count199
\@IEEEtranrubishbin=\box52
)
** ATTENTION: Overriding command lockouts (line 2).
(/usr/local/texlive/2023/texmf-dist/tex/latex/cite/cite.sty
LaTeX Info: Redefining \cite on input line 302.
LaTeX Info: Redefining \nocite on input line 332.
Package: cite 2015/02/27  v 5.5
) (/usr/local/texlive/2023/texmf-dist/tex/latex/amsmath/amsmath.sty
Package: amsmath 2022/04/08 v2.17n AMS math features
\@mathmargin=\skip51

For additional information on amsmath, use the `?' option.
(/usr/local/texlive/2023/texmf-dist/tex/latex/amsmath/amstext.sty
Package: amstext 2021/08/26 v2.01 AMS text
 (/usr/local/texlive/2023/texmf-dist/tex/latex/amsmath/amsgen.sty
File: amsgen.sty 1999/11/30 v2.0 generic functions
\@emptytoks=\toks17
\ex@=\dimen164
)) (/usr/local/texlive/2023/texmf-dist/tex/latex/amsmath/amsbsy.sty
Package: amsbsy 1999/11/29 v1.2d Bold Symbols
\pmbraise@=\dimen165
) (/usr/local/texlive/2023/texmf-dist/tex/latex/amsmath/amsopn.sty
Package: amsopn 2022/04/08 v2.04 operator names
)
\inf@bad=\count266
LaTeX Info: Redefining \frac on input line 234.
\uproot@=\count267
\leftroot@=\count268
LaTeX Info: Redefining \overline on input line 399.
LaTeX Info: Redefining \colon on input line 410.
\classnum@=\count269
\DOTSCASE@=\count270
LaTeX Info: Redefining \ldots on input line 496.
LaTeX Info: Redefining \dots on input line 499.
LaTeX Info: Redefining \cdots on input line 620.
\Mathstrutbox@=\box53
\strutbox@=\box54
LaTeX Info: Redefining \big on input line 722.
LaTeX Info: Redefining \Big on input line 723.
LaTeX Info: Redefining \bigg on input line 724.
LaTeX Info: Redefining \Bigg on input line 725.
\big@size=\dimen166
LaTeX Font Info:    Redeclaring font encoding OML on input line 743.
LaTeX Font Info:    Redeclaring font encoding OMS on input line 744.
\macc@depth=\count271
LaTeX Info: Redefining \bmod on input line 905.
LaTeX Info: Redefining \pmod on input line 910.
LaTeX Info: Redefining \smash on input line 940.
LaTeX Info: Redefining \relbar on input line 970.
LaTeX Info: Redefining \Relbar on input line 971.
\c@MaxMatrixCols=\count272
\dotsspace@=\muskip16
\c@parentequation=\count273
\dspbrk@lvl=\count274
\tag@help=\toks18
\row@=\count275
\column@=\count276
\maxfields@=\count277
\andhelp@=\toks19
\eqnshift@=\dimen167
\alignsep@=\dimen168
\tagshift@=\dimen169
\tagwidth@=\dimen170
\totwidth@=\dimen171
\lineht@=\dimen172
\@envbody=\toks20
\multlinegap=\skip52
\multlinetaggap=\skip53
\mathdisplay@stack=\toks21
LaTeX Info: Redefining \[ on input line 2953.
LaTeX Info: Redefining \] on input line 2954.
) (/usr/local/texlive/2023/texmf-dist/tex/latex/amsfonts/amssymb.sty
Package: amssymb 2013/01/14 v3.01 AMS font symbols
 (/usr/local/texlive/2023/texmf-dist/tex/latex/amsfonts/amsfonts.sty
Package: amsfonts 2013/01/14 v3.01 Basic AMSFonts support
\symAMSa=\mathgroup4
\symAMSb=\mathgroup5
LaTeX Font Info:    Redeclaring math symbol \hbar on input line 98.
LaTeX Font Info:    Overwriting math alphabet `\mathfrak' in version `bold'
(Font)                  U/euf/m/n --> U/euf/b/n on input line 106.
)) (/usr/local/texlive/2023/texmf-dist/tex/latex/algorithms/algorithmic.sty
Package: algorithmic 2009/08/24 v0.1 Document Style `algorithmic'
 (/usr/local/texlive/2023/texmf-dist/tex/latex/base/ifthen.sty
Package: ifthen 2022/04/13 v1.1d Standard LaTeX ifthen package (DPC)
) (/usr/local/texlive/2023/texmf-dist/tex/latex/graphics/keyval.sty
Package: keyval 2022/05/29 v1.15 key=value parser (DPC)
\KV@toks@=\toks22
)
\c@ALC@unique=\count278
\c@ALC@line=\count279
\c@ALC@rem=\count280
\c@ALC@depth=\count281
\ALC@tlm=\skip54
\algorithmicindent=\skip55
) (/usr/local/texlive/2023/texmf-dist/tex/latex/graphics/graphicx.sty
Package: graphicx 2021/09/16 v1.2d Enhanced LaTeX Graphics (DPC,SPQR)
 (/usr/local/texlive/2023/texmf-dist/tex/latex/graphics/graphics.sty
Package: graphics 2022/03/10 v1.4e Standard LaTeX Graphics (DPC,SPQR)
 (/usr/local/texlive/2023/texmf-dist/tex/latex/graphics/trig.sty
Package: trig 2021/08/11 v1.11 sin cos tan (DPC)
) (/usr/local/texlive/2023/texmf-dist/tex/latex/graphics-cfg/graphics.cfg
File: graphics.cfg 2016/06/04 v1.11 sample graphics configuration
)
Package graphics Info: Driver file: pdftex.def on input line 107.
 (/usr/local/texlive/2023/texmf-dist/tex/latex/graphics-def/pdftex.def
File: pdftex.def 2022/09/22 v1.2b Graphics/color driver for pdftex
))
\Gin@req@height=\dimen173
\Gin@req@width=\dimen174
) (/usr/local/texlive/2023/texmf-dist/tex/latex/base/textcomp.sty
Package: textcomp 2020/02/02 v2.0n Standard LaTeX package
) (/usr/local/texlive/2023/texmf-dist/tex/latex/xcolor/xcolor.sty
Package: xcolor 2022/06/12 v2.14 LaTeX color extensions (UK)
 (/usr/local/texlive/2023/texmf-dist/tex/latex/graphics-cfg/color.cfg
File: color.cfg 2016/01/02 v1.6 sample color configuration
)
Package xcolor Info: Driver file: pdftex.def on input line 227.
 (/usr/local/texlive/2023/texmf-dist/tex/latex/graphics/mathcolor.ltx)
Package xcolor Info: Model `cmy' substituted by `cmy0' on input line 1353.
Package xcolor Info: Model `hsb' substituted by `rgb' on input line 1357.
Package xcolor Info: Model `RGB' extended on input line 1369.
Package xcolor Info: Model `HTML' substituted by `rgb' on input line 1371.
Package xcolor Info: Model `Hsb' substituted by `hsb' on input line 1372.
Package xcolor Info: Model `tHsb' substituted by `hsb' on input line 1373.
Package xcolor Info: Model `HSB' substituted by `hsb' on input line 1374.
Package xcolor Info: Model `Gray' substituted by `gray' on input line 1375.
Package xcolor Info: Model `wave' substituted by `hsb' on input line 1376.
) (/usr/local/texlive/2023/texmf-dist/tex/latex/float/float.sty
Package: float 2001/11/08 v1.3d Float enhancements (AL)
\c@float@type=\count282
\float@exts=\toks23
\float@box=\box55
\@float@everytoks=\toks24
\@floatcapt=\box56
) (/usr/local/texlive/2023/texmf-dist/tex/latex/l3backend/l3backend-pdftex.def
File: l3backend-pdftex.def 2023-01-16 L3 backend support: PDF output (pdfTeX)
\l__color_backend_stack_int=\count283
\l__pdf_internal_box=\box57
) (./conference_101719.aux)
\openout1 = `conference_101719.aux'.

LaTeX Font Info:    Checking defaults for OML/cmm/m/it on input line 14.
LaTeX Font Info:    ... okay on input line 14.
LaTeX Font Info:    Checking defaults for OMS/cmsy/m/n on input line 14.
LaTeX Font Info:    ... okay on input line 14.
LaTeX Font Info:    Checking defaults for OT1/cmr/m/n on input line 14.
LaTeX Font Info:    ... okay on input line 14.
LaTeX Font Info:    Checking defaults for T1/cmr/m/n on input line 14.
LaTeX Font Info:    ... okay on input line 14.
LaTeX Font Info:    Checking defaults for TS1/cmr/m/n on input line 14.
LaTeX Font Info:    ... okay on input line 14.
LaTeX Font Info:    Checking defaults for OMX/cmex/m/n on input line 14.
LaTeX Font Info:    ... okay on input line 14.
LaTeX Font Info:    Checking defaults for U/cmr/m/n on input line 14.
LaTeX Font Info:    ... okay on input line 14.

-- Lines per column: 56 (exact).
(/usr/local/texlive/2023/texmf-dist/tex/context/base/mkii/supp-pdf.mkii
[Loading MPS to PDF converter (version 2006.09.02).]
\scratchcounter=\count284
\scratchdimen=\dimen175
\scratchbox=\box58
\nofMPsegments=\count285
\nofMParguments=\count286
\everyMPshowfont=\toks25
\MPscratchCnt=\count287
\MPscratchDim=\dimen176
\MPnumerator=\count288
\makeMPintoPDFobject=\count289
\everyMPtoPDFconversion=\toks26
) (/usr/local/texlive/2023/texmf-dist/tex/latex/epstopdf-pkg/epstopdf-base.sty
Package: epstopdf-base 2020-01-24 v2.11 Base part for package epstopdf
Package epstopdf-base Info: Redefining graphics rule for `.eps' on input line 485.
 (/usr/local/texlive/2023/texmf-dist/tex/latex/latexconfig/epstopdf-sys.cfg
File: epstopdf-sys.cfg 2010/07/13 v1.3 Configuration of (r)epstopdf for TeX Live
))
LaTeX Font Info:    Trying to load font information for U+msa on input line 33.
 (/usr/local/texlive/2023/texmf-dist/tex/latex/amsfonts/umsa.fd
File: umsa.fd 2013/01/14 v3.01 AMS symbols A
)
LaTeX Font Info:    Trying to load font information for U+msb on input line 33.
 (/usr/local/texlive/2023/texmf-dist/tex/latex/amsfonts/umsb.fd
File: umsb.fd 2013/01/14 v3.01 AMS symbols B
)
LaTeX Font Info:    Calculating math sizes for size <11> on input line 33.
<introduction.pic.jpg, id=1, 867.24pt x 722.7pt>
File: introduction.pic.jpg Graphic file (type jpg)
<use introduction.pic.jpg>
Package pdftex.def Info: introduction.pic.jpg  used on input line 57.
(pdftex.def)             Requested size: 258.0pt x 215.00316pt.
 [1{/usr/local/texlive/2023/texmf-var/fonts/map/pdftex/updmap/pdftex.map}{/usr/local/texlive/2023/texmf-dist/fonts/enc/dvips/base/8r.enc}


 <./introduction.pic.jpg>]
LaTeX Font Info:    Trying to load font information for TS1+ptm on input line 97.
 (/usr/local/texlive/2023/texmf-dist/tex/latex/psnfss/ts1ptm.fd
File: ts1ptm.fd 2001/06/04 font definitions for TS1/ptm.
)
<1.pic.jpg, id=14, 536.0025pt x 1043.9pt>
File: 1.pic.jpg Graphic file (type jpg)
<use 1.pic.jpg>
Package pdftex.def Info: 1.pic.jpg  used on input line 112.
(pdftex.def)             Requested size: 154.80157pt x 301.4808pt.
<2.pic.jpg, id=15, 1229.59375pt x 262.9825pt>
File: 2.pic.jpg Graphic file (type jpg)
<use 2.pic.jpg>
Package pdftex.def Info: 2.pic.jpg  used on input line 119.
(pdftex.def)             Requested size: 258.0pt x 55.1798pt.
<3.pic.jpg, id=16, 456.70625pt x 901.3675pt>
File: 3.pic.jpg Graphic file (type jpg)
<use 3.pic.jpg>
Package pdftex.def Info: 3.pic.jpg  used on input line 126.
(pdftex.def)             Requested size: 103.19843pt x 203.66542pt.
 [2]
Underfull \vbox (badness 1924) has occurred while \output is active []

<4.pic.jpg, id=21, 578.16pt x 433.62pt>
File: 4.pic.jpg Graphic file (type jpg)
<use 4.pic.jpg>
Package pdftex.def Info: 4.pic.jpg  used on input line 135.
(pdftex.def)             Requested size: 258.0pt x 193.49953pt.
<5.pic.jpg, id=22, 867.24pt x 722.7pt>
File: 5.pic.jpg Graphic file (type jpg)
<use 5.pic.jpg>
Package pdftex.def Info: 5.pic.jpg  used on input line 142.
(pdftex.def)             Requested size: 258.0pt x 215.00316pt.
 [3 <./1.pic.jpg> <./2.pic.jpg> <./3.pic.jpg> <./4.pic.jpg> <./5.pic.jpg>]
<6.pic.jpg, id=31, 1226.5825pt x 732.7375pt>
File: 6.pic.jpg Graphic file (type jpg)
<use 6.pic.jpg>
Package pdftex.def Info: 6.pic.jpg  used on input line 155.
(pdftex.def)             Requested size: 258.0pt x 154.12538pt.
<10.pic.jpg, id=32, 1069.9975pt x 1043.9pt>
File: 10.pic.jpg Graphic file (type jpg)
<use 10.pic.jpg>
Package pdftex.def Info: 10.pic.jpg  used on input line 164.
(pdftex.def)             Requested size: 258.0pt x 251.7039pt.

Underfull \vbox (badness 3148) has occurred while \output is active []

<7.pic.jpg, id=33, 1228.59pt x 519.9425pt>
File: 7.pic.jpg Graphic file (type jpg)
<use 7.pic.jpg>
Package pdftex.def Info: 7.pic.jpg  used on input line 171.
(pdftex.def)             Requested size: 258.0pt x 109.18321pt.
<8.pic.jpg, id=34, 1131.22626pt x 559.08875pt>
File: 8.pic.jpg Graphic file (type jpg)
<use 8.pic.jpg>
Package pdftex.def Info: 8.pic.jpg  used on input line 178.
(pdftex.def)             Requested size: 258.0pt x 127.50426pt.

Underfull \vbox (badness 10000) has occurred while \output is active []

 [4 <./6.pic.jpg> <./10.pic.jpg> <./7.pic.jpg>]
<9.pic.jpg, id=41, 1230.5975pt x 547.04375pt>
File: 9.pic.jpg Graphic file (type jpg)
<use 9.pic.jpg>
Package pdftex.def Info: 9.pic.jpg  used on input line 183.
(pdftex.def)             Requested size: 258.0pt x 114.68224pt.
<11.pic.jpg, id=42, 325.215pt x 237.88875pt>
File: 11.pic.jpg Graphic file (type jpg)
<use 11.pic.jpg>
Package pdftex.def Info: 11.pic.jpg  used on input line 202.
(pdftex.def)             Requested size: 154.80157pt x 113.23788pt.
<12.pic.jpg, id=43, 388.45125pt x 925.4575pt>
File: 12.pic.jpg Graphic file (type jpg)
<use 12.pic.jpg>
Package pdftex.def Info: 12.pic.jpg  used on input line 216.
(pdftex.def)             Requested size: 103.19843pt x 245.85228pt.

Underfull \vbox (badness 10000) has occurred while \output is active []

 [5 <./8.pic.jpg> <./9.pic.jpg> <./11.pic.jpg>]
<13.pic.jpg, id=49, 833.1125pt x 241.90375pt>
File: 13.pic.jpg Graphic file (type jpg)
<use 13.pic.jpg>
Package pdftex.def Info: 13.pic.jpg  used on input line 226.
(pdftex.def)             Requested size: 258.0pt x 74.91187pt.
<14.pic.jpg, id=50, 1223.57124pt x 425.59pt>
File: 14.pic.jpg Graphic file (type jpg)
<use 14.pic.jpg>
Package pdftex.def Info: 14.pic.jpg  used on input line 235.
(pdftex.def)             Requested size: 258.0pt x 89.7337pt.
<15.pic.jpg, id=51, 1217.54875pt x 447.6725pt>
File: 15.pic.jpg Graphic file (type jpg)
<use 15.pic.jpg>
Package pdftex.def Info: 15.pic.jpg  used on input line 245.
(pdftex.def)             Requested size: 258.0pt x 94.86102pt.
 [6 <./12.pic.jpg> <./13.pic.jpg> <./14.pic.jpg> <./15.pic.jpg>]
<16.pic.jpg, id=59, 347.2975pt x 356.33125pt>
File: 16.pic.jpg Graphic file (type jpg)
<use 16.pic.jpg>
Package pdftex.def Info: 16.pic.jpg  used on input line 259.
(pdftex.def)             Requested size: 154.80157pt x 158.8306pt.
<17.pic.jpg, id=60, 348.30125pt x 355.3275pt>
File: 17.pic.jpg Graphic file (type jpg)
<use 17.pic.jpg>
Package pdftex.def Info: 17.pic.jpg  used on input line 270.
(pdftex.def)             Requested size: 154.80157pt x 157.92233pt.

Underfull \vbox (badness 10000) has occurred while \output is active []

<18.pic.jpg, id=61, 876.27374pt x 183.68625pt>
File: 18.pic.jpg Graphic file (type jpg)
<use 18.pic.jpg>
Package pdftex.def Info: 18.pic.jpg  used on input line 290.
(pdftex.def)             Requested size: 258.0pt x 54.08325pt.

Underfull \vbox (badness 7326) has occurred while \output is active []

 [7 <./16.pic.jpg> <./17.pic.jpg>]
<19.pic.jpg, id=68, 1028.84375pt x 215.80624pt>
File: 19.pic.jpg Graphic file (type jpg)
<use 19.pic.jpg>
Package pdftex.def Info: 19.pic.jpg  used on input line 301.
(pdftex.def)             Requested size: 258.0pt x 54.11607pt.
<20.pic.jpg, id=69, 1074.0125pt x 223.83624pt>
File: 20.pic.jpg Graphic file (type jpg)
<use 20.pic.jpg>
Package pdftex.def Info: 20.pic.jpg  used on input line 311.
(pdftex.def)             Requested size: 258.0pt x 53.7696pt.
<21.pic.jpg, id=70, 552.0625pt x 563.10374pt>
File: 21.pic.jpg Graphic file (type jpg)
<use 21.pic.jpg>
Package pdftex.def Info: 21.pic.jpg  used on input line 318.
(pdftex.def)             Requested size: 206.39685pt x 210.52756pt.

Underfull \vbox (badness 10000) has occurred while \output is active []

<22.pic.jpg, id=71, 331.2375pt x 93.34875pt>
File: 22.pic.jpg Graphic file (type jpg)
<use 22.pic.jpg>
Package pdftex.def Info: 22.pic.jpg  used on input line 327.
(pdftex.def)             Requested size: 154.80157pt x 43.62607pt.
 [8 <./18.pic.jpg> <./19.pic.jpg> <./20.pic.jpg> <./21.pic.jpg> <./22.pic.jpg>]

** Conference Paper **
Before submitting the final camera ready copy, remember to:

 1. Manually equalize the lengths of two columns on the last page
 of your paper;

 2. Ensure that any PostScript and/or PDF output post-processing
 uses only Type 1 fonts and that every step in the generation
 process uses the appropriate paper size.

[9] (./conference_101719.aux) ) 
Here is how much of TeX's memory you used:
 4485 strings out of 476025
 70239 string characters out of 5790018
 1867388 words of memory out of 5000000
 24871 multiletter control sequences out of 15000+600000
 553879 words of font info for 118 fonts, out of 8000000 for 9000
 1141 hyphenation exceptions out of 8191
 57i,11n,62p,1116b,312s stack positions out of 10000i,1000n,20000p,200000b,200000s
</usr/local/texlive/2023/texmf-dist/fonts/type1/public/amsfonts/cm/cmmi10.pfb></usr/local/texlive/2023/texmf-dist/fonts/type1/public/amsfonts/cm/cmsy7.pfb></usr/local/texlive/2023/texmf-dist/fonts/type1/urw/times/utmb8a.pfb></usr/local/texlive/2023/texmf-dist/fonts/type1/urw/times/utmbi8a.pfb></usr/local/texlive/2023/texmf-dist/fonts/type1/urw/times/utmr8a.pfb></usr/local/texlive/2023/texmf-dist/fonts/type1/urw/times/utmri8a.pfb>
Output written on conference_101719.pdf (9 pages, 2101705 bytes).
PDF statistics:
 111 PDF objects out of 1000 (max. 8388607)
 42 compressed objects within 1 object stream
 0 named destinations out of 1000 (max. 500000)
 116 words of extra memory for PDF output out of 10000 (max. 10000000)

